2024-12-26 14:08:47,002 - backend_logger - INFO - Файл Georgia.zip успешно загружен
2024-12-26 14:08:51,248 - backend_logger - INFO - data/Georgia.zip|data/Georgia
2024-12-26 14:09:17,540 - backend_logger - INFO - Файл Georgia.zip успешно разархивирован
2024-12-26 14:10:29,223 - backend_logger - INFO - Converting_mat_files_to_df...
2024-12-26 14:10:46,506 - backend_logger - INFO - Preprocess is started
2024-12-26 14:13:12,437 - backend_logger - INFO - Preprocess is finished. Start fitting
2024-12-26 14:13:13,881 - backend_logger - INFO - Fitting is finished. Start predicting
2024-12-26 14:13:14,080 - backend_logger - INFO - Predicting is finished. Start count metrics
2024-12-26 14:13:19,535 - backend_logger - INFO - Модель SVC успешно обучена. Эксперимент: 17_13_26_12_2024_4c35cf5d
2024-12-26 14:13:19,571 - backend_logger - INFO - Запрошен список экспериментов
2024-12-26 14:30:05,023 - backend_logger - INFO - Файл Georgia.zip успешно загружен
2024-12-26 14:30:05,024 - backend_logger - INFO - data/Georgia.zip|data/Georgia
2024-12-26 14:30:27,693 - backend_logger - INFO - Файл Georgia.zip успешно разархивирован
2024-12-26 14:36:45,191 - backend_logger - INFO - Файл Georgia.zip успешно загружен
2024-12-26 14:36:50,723 - backend_logger - INFO - data/Georgia.zip|data/Georgia
2024-12-26 14:37:18,750 - backend_logger - INFO - Файл Georgia.zip успешно разархивирован
2024-12-26 19:50:03,119 - backend_logger - INFO - Файл Georgia.zip успешно загружен
2024-12-26 19:50:03,119 - backend_logger - INFO - data/Georgia.zip|data/Georgia
2024-12-26 19:50:04,964 - backend_logger - INFO - Файл Georgia.zip успешно разархивирован
2024-12-26 19:50:05,211 - backend_logger - INFO - Файл Georgia.zip успешно загружен
2024-12-26 19:50:05,303 - backend_logger - INFO - data/Georgia.zip|data/Georgia
2024-12-26 19:50:06,928 - backend_logger - INFO - Файл Georgia.zip успешно разархивирован
2024-12-26 19:56:26,785 - backend_logger - INFO - Файл Georgia.zip успешно загружен
2024-12-26 19:56:26,886 - backend_logger - INFO - data/Georgia.zip|data/Georgia
2024-12-26 19:56:28,589 - backend_logger - INFO - Файл Georgia.zip успешно разархивирован
2024-12-26 19:56:28,949 - backend_logger - INFO - Файл Georgia.zip успешно загружен
2024-12-26 19:56:29,033 - backend_logger - INFO - data/Georgia.zip|data/Georgia
2024-12-26 19:56:30,645 - backend_logger - INFO - Файл Georgia.zip успешно разархивирован
2024-12-26 19:57:51,080 - backend_logger - INFO - Файл Georgia.zip успешно загружен
2024-12-26 19:57:51,132 - backend_logger - INFO - data/Georgia.zip|data/Georgia
2024-12-26 19:57:52,771 - backend_logger - INFO - Файл Georgia.zip успешно разархивирован
2024-12-26 19:57:53,036 - backend_logger - INFO - Файл Georgia.zip успешно загружен
2024-12-26 19:57:53,119 - backend_logger - INFO - data/Georgia.zip|data/Georgia
2024-12-26 19:57:54,727 - backend_logger - INFO - Файл Georgia.zip успешно разархивирован
2024-12-26 19:58:51,867 - backend_logger - INFO - Файл Georgia.zip успешно загружен
2024-12-26 19:58:51,935 - backend_logger - INFO - data/Georgia.zip|data/Georgia
2024-12-26 19:58:53,558 - backend_logger - INFO - Файл Georgia.zip успешно разархивирован
2024-12-26 19:58:53,878 - backend_logger - INFO - Файл Georgia.zip успешно загружен
2024-12-26 19:58:53,964 - backend_logger - INFO - data/Georgia.zip|data/Georgia
2024-12-26 19:58:55,583 - backend_logger - INFO - Файл Georgia.zip успешно разархивирован
2024-12-26 20:02:27,959 - backend_logger - INFO - Файл Georgia.zip успешно загружен
2024-12-26 20:02:28,011 - backend_logger - INFO - data/Georgia.zip|data/Georgia
2024-12-26 20:02:29,648 - backend_logger - INFO - Файл Georgia.zip успешно разархивирован
2024-12-26 20:02:29,914 - backend_logger - INFO - Файл Georgia.zip успешно загружен
2024-12-26 20:02:30,002 - backend_logger - INFO - data/Georgia.zip|data/Georgia
2024-12-26 20:02:31,617 - backend_logger - INFO - Файл Georgia.zip успешно разархивирован
2024-12-26 20:04:18,561 - backend_logger - INFO - Файл Georgia.zip успешно загружен
2024-12-26 20:04:18,612 - backend_logger - INFO - data/Georgia.zip|data/Georgia
2024-12-26 20:04:20,248 - backend_logger - INFO - Файл Georgia.zip успешно разархивирован
2024-12-26 20:05:01,167 - backend_logger - INFO - Файл Georgia.zip успешно загружен
2024-12-26 20:05:01,219 - backend_logger - INFO - data/Georgia.zip|data/Georgia
2024-12-26 20:05:02,857 - backend_logger - INFO - Файл Georgia.zip успешно разархивирован
2024-12-26 20:10:05,574 - backend_logger - INFO - Файл Georgia.zip успешно загружен
2024-12-26 20:10:05,629 - backend_logger - INFO - data/Georgia.zip|data/Georgia
2024-12-26 20:10:07,459 - backend_logger - INFO - Файл Georgia.zip успешно разархивирован
2024-12-26 20:10:07,741 - backend_logger - INFO - Файл Georgia.zip успешно загружен
2024-12-26 20:10:07,812 - backend_logger - INFO - data/Georgia.zip|data/Georgia
2024-12-26 20:10:09,449 - backend_logger - INFO - Файл Georgia.zip успешно разархивирован
